#! /foss/tools/iverilog/bin/vvp
:ivl_version "14.0 (devel)" "(s20251012-145-g9b0d46b4-dirty)";
:ivl_delay_selection "TYPICAL";
:vpi_time_precision - 12;
:vpi_module "/foss/tools/iverilog/lib/ivl/system.vpi";
:vpi_module "/foss/tools/iverilog/lib/ivl/vhdl_sys.vpi";
:vpi_module "/foss/tools/iverilog/lib/ivl/vhdl_textio.vpi";
:vpi_module "/foss/tools/iverilog/lib/ivl/v2005_math.vpi";
:vpi_module "/foss/tools/iverilog/lib/ivl/va_math.vpi";
S_0x55d9b83a2980 .scope module, "ring_osc_tb" "ring_osc_tb" 2 7;
 .timescale -9 -12;
P_0x55d9b839f060 .param/l "NUM_CELLS" 0 2 12, +C4<00000000000000000000000000000011>;
P_0x55d9b839f0a0 .param/l "NUM_INV_START" 0 2 13, +C4<00000000000000000000000000000011>;
P_0x55d9b839f0e0 .param/l "NUM_RAW_BITS" 0 2 14, +C4<00000000000000000000001000000000>;
v0x55d9b83cb7e0_0 .var "clk_gen", 0 0;
v0x55d9b83cb930_0 .var "en_gen", 0 0;
v0x55d9b83cb9f0_0 .net "rnd_data", 511 0, L_0x55d9b83899d0;  1 drivers
v0x55d9b83cba90_0 .net "rnd_valid", 0 0, L_0x55d9b83cd630;  1 drivers
v0x55d9b83cbb60_0 .var "rstn_gen", 0 0;
E_0x55d9b837a190 .event posedge, v0x55d9b83888c0_0;
S_0x55d9b83a3860 .scope module, "uut" "ring_osc" 2 62, 3 5 0, S_0x55d9b83a2980;
 .timescale 0 0;
    .port_info 0 /INPUT 1 "clk_i";
    .port_info 1 /INPUT 1 "rstn_i";
    .port_info 2 /INPUT 1 "enable_i";
    .port_info 3 /OUTPUT 1 "valid_o";
    .port_info 4 /OUTPUT 512 "data_o";
P_0x55d9b83a27b0 .param/l "CNT_WIDTH" 1 3 19, +C4<00000000000000000000000000001010>;
P_0x55d9b83a27f0 .param/l "NUM_CELLS" 0 3 6, +C4<00000000000000000000000000000011>;
P_0x55d9b83a2830 .param/l "NUM_INV_START" 0 3 7, +C4<00000000000000000000000000000011>;
P_0x55d9b83a2870 .param/l "NUM_RAW_BITS" 0 3 8, +C4<00000000000000000000001000000000>;
P_0x55d9b83a28b0 .param/l "SIM_MODE" 0 3 9, +C4<00000000000000000000000000000001>;
L_0x55d9b83899d0 .functor BUFZ 512, v0x55d9b83cb5a0_0, C4<00000000000000000000000000000000000000000000000000000000000000000000000000000000000000000000000000000000000000000000000000000000000000000000000000000000000000000000000000000000000000000000000000000000000000000000000000000000000000000000000000000000000000000000000000000000000000000000000000000000000000000000000000000000000000000000000000000000000000000000000000000000000000000000000000000000000000000000000000000000000000000000000000000000000000000000000000000000000000000000000000000000000000000000000000000000>, C4<00000000000000000000000000000000000000000000000000000000000000000000000000000000000000000000000000000000000000000000000000000000000000000000000000000000000000000000000000000000000000000000000000000000000000000000000000000000000000000000000000000000000000000000000000000000000000000000000000000000000000000000000000000000000000000000000000000000000000000000000000000000000000000000000000000000000000000000000000000000000000000000000000000000000000000000000000000000000000000000000000000000000000000000000000000000>, C4<00000000000000000000000000000000000000000000000000000000000000000000000000000000000000000000000000000000000000000000000000000000000000000000000000000000000000000000000000000000000000000000000000000000000000000000000000000000000000000000000000000000000000000000000000000000000000000000000000000000000000000000000000000000000000000000000000000000000000000000000000000000000000000000000000000000000000000000000000000000000000000000000000000000000000000000000000000000000000000000000000000000000000000000000000000000>;
v0x55d9b83cab20_0 .net *"_ivl_27", 0 0, v0x55d9b83cb4e0_0;  1 drivers
v0x55d9b83cac20_0 .net "cell_en_in", 2 0, L_0x55d9b83cd3c0;  1 drivers
v0x55d9b83cad00_0 .net "cell_en_out", 2 0, L_0x55d9b83cd030;  1 drivers
v0x55d9b83cadc0_0 .net "cell_rnd", 2 0, L_0x55d9b83cd230;  1 drivers
v0x55d9b83caea0_0 .var "cell_sum", 0 0;
v0x55d9b83cafb0_0 .net "clk_i", 0 0, v0x55d9b83cb7e0_0;  1 drivers
v0x55d9b83cb050_0 .net "data_o", 511 0, L_0x55d9b83899d0;  alias, 1 drivers
v0x55d9b83cb130_0 .net "enable_i", 0 0, v0x55d9b83cb930_0;  1 drivers
v0x55d9b83cb1f0_0 .var/i "k", 31 0;
v0x55d9b83cb360_0 .net "rstn_i", 0 0, v0x55d9b83cbb60_0;  1 drivers
v0x55d9b83cb400_0 .var "sample_cnt", 9 0;
v0x55d9b83cb4e0_0 .var "sample_en", 0 0;
v0x55d9b83cb5a0_0 .var "sample_sreg", 511 0;
v0x55d9b83cb680_0 .net "valid_o", 0 0, L_0x55d9b83cd630;  alias, 1 drivers
E_0x55d9b83783d0 .event anyedge, v0x55d9b83caea0_0, v0x55d9b83cadc0_0;
L_0x55d9b83cbc90 .part L_0x55d9b83cd030, 0, 1;
L_0x55d9b83cbd60 .part L_0x55d9b83cd030, 1, 1;
L_0x55d9b83cc2e0 .part L_0x55d9b83cd3c0, 0, 1;
L_0x55d9b83cc910 .part L_0x55d9b83cd3c0, 1, 1;
L_0x55d9b83ccf60 .part L_0x55d9b83cd3c0, 2, 1;
L_0x55d9b83cd030 .concat8 [ 1 1 1 0], L_0x55d9b83cbe30, L_0x55d9b83cc3e0, L_0x55d9b83cca60;
L_0x55d9b83cd230 .concat8 [ 1 1 1 0], L_0x55d9b83cc240, L_0x55d9b83cc870, L_0x55d9b83ccec0;
L_0x55d9b83cd3c0 .concat8 [ 1 1 1 0], v0x55d9b83cb4e0_0, L_0x55d9b83cbc90, L_0x55d9b83cbd60;
L_0x55d9b83cd630 .part v0x55d9b83cb400_0, 9, 1;
S_0x55d9b838d3b0 .scope generate, "en_chain_gen[1]" "en_chain_gen[1]" 3 44, 3 44 0, S_0x55d9b83a3860;
 .timescale 0 0;
P_0x55d9b839ee00 .param/l "c" 1 3 44, +C4<01>;
v0x55d9b838ccc0_0 .net *"_ivl_0", 0 0, L_0x55d9b83cbc90;  1 drivers
S_0x55d9b83c2f80 .scope generate, "en_chain_gen[2]" "en_chain_gen[2]" 3 44, 3 44 0, S_0x55d9b83a3860;
 .timescale 0 0;
P_0x55d9b83c31a0 .param/l "c" 1 3 44, +C4<010>;
v0x55d9b8389c30_0 .net *"_ivl_0", 0 0, L_0x55d9b83cbd60;  1 drivers
S_0x55d9b83c32a0 .scope generate, "entropy_cell_gen[0]" "entropy_cell_gen[0]" 3 48, 3 48 0, S_0x55d9b83a3860;
 .timescale 0 0;
P_0x55d9b83c34a0 .param/l "c" 1 3 48, +C4<00>;
S_0x55d9b83c3560 .scope module, "ring_osc_cell_inst" "ring_osc_cell" 3 52, 4 1 0, S_0x55d9b83c32a0;
 .timescale 0 0;
    .port_info 0 /INPUT 1 "clk_i";
    .port_info 1 /INPUT 1 "rstn_i";
    .port_info 2 /INPUT 1 "en_i";
    .port_info 3 /OUTPUT 1 "en_o";
    .port_info 4 /OUTPUT 1 "rnd_o";
P_0x55d9b83a6040 .param/l "NUM_INV" 0 4 2, +C4<00000000000000000000000000000011>;
P_0x55d9b83a6080 .param/l "SIM_MODE" 0 4 3, +C4<00000000000000000000000000000001>;
v0x55d9b838a3f0_0 .net *"_ivl_3", 0 0, L_0x55d9b83cbf00;  1 drivers
v0x55d9b838a490_0 .net *"_ivl_5", 1 0, L_0x55d9b83cc000;  1 drivers
v0x55d9b83888c0_0 .net "clk_i", 0 0, v0x55d9b83cb7e0_0;  alias, 1 drivers
v0x55d9b8389080_0 .net "en_i", 0 0, L_0x55d9b83cc2e0;  1 drivers
v0x55d9b8389120_0 .net "en_o", 0 0, L_0x55d9b83cbe30;  1 drivers
v0x55d9b83c4830_0 .net "inv_in", 2 0, L_0x55d9b83cc0d0;  1 drivers
v0x55d9b83c4910_0 .var "inv_out", 2 0;
v0x55d9b83c49f0_0 .var "latch", 2 0;
v0x55d9b83c4ad0_0 .net "rnd_o", 0 0, L_0x55d9b83cc240;  1 drivers
v0x55d9b83c4b90_0 .net "rstn_i", 0 0, v0x55d9b83cbb60_0;  alias, 1 drivers
v0x55d9b83c4c50_0 .var "sreg", 2 0;
v0x55d9b83c4d30_0 .var "sync", 1 0;
L_0x55d9b83cbe30 .part v0x55d9b83c4c50_0, 2, 1;
L_0x55d9b83cbf00 .part v0x55d9b83c49f0_0, 0, 1;
L_0x55d9b83cc000 .part v0x55d9b83c49f0_0, 1, 2;
L_0x55d9b83cc0d0 .concat [ 2 1 0 0], L_0x55d9b83cc000, L_0x55d9b83cbf00;
L_0x55d9b83cc240 .part v0x55d9b83c4d30_0, 1, 1;
S_0x55d9b83c37e0 .scope generate, "ring_osc_gen[0]" "ring_osc_gen[0]" 4 49, 4 49 0, S_0x55d9b83c3560;
 .timescale 0 0;
P_0x55d9b83c3a00 .param/l "i" 1 4 49, +C4<00>;
E_0x55d9b837a6d0 .event anyedge, v0x55d9b8389080_0, v0x55d9b83c4c50_0, v0x55d9b83c4910_0;
S_0x55d9b83c3b00 .scope generate, "inverter_sim" "inverter_sim" 4 67, 4 67 0, S_0x55d9b83c37e0;
 .timescale 0 0;
E_0x55d9b835a630/0 .event negedge, v0x55d9b83c4b90_0;
E_0x55d9b835a630/1 .event posedge, v0x55d9b83888c0_0;
E_0x55d9b835a630 .event/or E_0x55d9b835a630/0, E_0x55d9b835a630/1;
S_0x55d9b83c3d40 .scope generate, "ring_osc_gen[1]" "ring_osc_gen[1]" 4 49, 4 49 0, S_0x55d9b83c3560;
 .timescale 0 0;
P_0x55d9b83c3f60 .param/l "i" 1 4 49, +C4<01>;
S_0x55d9b83c4020 .scope generate, "inverter_sim" "inverter_sim" 4 67, 4 67 0, S_0x55d9b83c3d40;
 .timescale 0 0;
S_0x55d9b83c4200 .scope generate, "ring_osc_gen[2]" "ring_osc_gen[2]" 4 49, 4 49 0, S_0x55d9b83c3560;
 .timescale 0 0;
P_0x55d9b83c4430 .param/l "i" 1 4 49, +C4<010>;
S_0x55d9b83c44f0 .scope generate, "inverter_sim" "inverter_sim" 4 67, 4 67 0, S_0x55d9b83c4200;
 .timescale 0 0;
S_0x55d9b83c4eb0 .scope generate, "entropy_cell_gen[1]" "entropy_cell_gen[1]" 3 48, 3 48 0, S_0x55d9b83a3860;
 .timescale 0 0;
P_0x55d9b83c5060 .param/l "c" 1 3 48, +C4<01>;
S_0x55d9b83c5140 .scope module, "ring_osc_cell_inst" "ring_osc_cell" 3 52, 4 1 0, S_0x55d9b83c4eb0;
 .timescale 0 0;
    .port_info 0 /INPUT 1 "clk_i";
    .port_info 1 /INPUT 1 "rstn_i";
    .port_info 2 /INPUT 1 "en_i";
    .port_info 3 /OUTPUT 1 "en_o";
    .port_info 4 /OUTPUT 1 "rnd_o";
P_0x55d9b83a5f20 .param/l "NUM_INV" 0 4 2, +C4<00000000000000000000000000000101>;
P_0x55d9b83a5f60 .param/l "SIM_MODE" 0 4 3, +C4<00000000000000000000000000000001>;
v0x55d9b83c6d50_0 .net *"_ivl_3", 0 0, L_0x55d9b83cc4e0;  1 drivers
v0x55d9b83c6e50_0 .net *"_ivl_5", 3 0, L_0x55d9b83cc5e0;  1 drivers
v0x55d9b83c6f30_0 .net "clk_i", 0 0, v0x55d9b83cb7e0_0;  alias, 1 drivers
v0x55d9b83c7000_0 .net "en_i", 0 0, L_0x55d9b83cc910;  1 drivers
v0x55d9b83c70a0_0 .net "en_o", 0 0, L_0x55d9b83cc3e0;  1 drivers
v0x55d9b83c7190_0 .net "inv_in", 4 0, L_0x55d9b83cc700;  1 drivers
v0x55d9b83c7270_0 .var "inv_out", 4 0;
v0x55d9b83c7350_0 .var "latch", 4 0;
v0x55d9b83c7430_0 .net "rnd_o", 0 0, L_0x55d9b83cc870;  1 drivers
v0x55d9b83c74f0_0 .net "rstn_i", 0 0, v0x55d9b83cbb60_0;  alias, 1 drivers
v0x55d9b83c7590_0 .var "sreg", 4 0;
v0x55d9b83c7650_0 .var "sync", 1 0;
L_0x55d9b83cc3e0 .part v0x55d9b83c7590_0, 4, 1;
L_0x55d9b83cc4e0 .part v0x55d9b83c7350_0, 0, 1;
L_0x55d9b83cc5e0 .part v0x55d9b83c7350_0, 1, 4;
L_0x55d9b83cc700 .concat [ 4 1 0 0], L_0x55d9b83cc5e0, L_0x55d9b83cc4e0;
L_0x55d9b83cc870 .part v0x55d9b83c7650_0, 1, 1;
S_0x55d9b83c54d0 .scope generate, "ring_osc_gen[0]" "ring_osc_gen[0]" 4 49, 4 49 0, S_0x55d9b83c5140;
 .timescale 0 0;
P_0x55d9b83c56f0 .param/l "i" 1 4 49, +C4<00>;
E_0x55d9b83a8330 .event anyedge, v0x55d9b83c7000_0, v0x55d9b83c7590_0, v0x55d9b83c7270_0;
S_0x55d9b83c57f0 .scope generate, "inverter_sim" "inverter_sim" 4 67, 4 67 0, S_0x55d9b83c54d0;
 .timescale 0 0;
S_0x55d9b83c59f0 .scope generate, "ring_osc_gen[1]" "ring_osc_gen[1]" 4 49, 4 49 0, S_0x55d9b83c5140;
 .timescale 0 0;
P_0x55d9b83c5c10 .param/l "i" 1 4 49, +C4<01>;
S_0x55d9b83c5cd0 .scope generate, "inverter_sim" "inverter_sim" 4 67, 4 67 0, S_0x55d9b83c59f0;
 .timescale 0 0;
S_0x55d9b83c5eb0 .scope generate, "ring_osc_gen[2]" "ring_osc_gen[2]" 4 49, 4 49 0, S_0x55d9b83c5140;
 .timescale 0 0;
P_0x55d9b83c60e0 .param/l "i" 1 4 49, +C4<010>;
S_0x55d9b83c61a0 .scope generate, "inverter_sim" "inverter_sim" 4 67, 4 67 0, S_0x55d9b83c5eb0;
 .timescale 0 0;
S_0x55d9b83c6380 .scope generate, "ring_osc_gen[3]" "ring_osc_gen[3]" 4 49, 4 49 0, S_0x55d9b83c5140;
 .timescale 0 0;
P_0x55d9b83c6580 .param/l "i" 1 4 49, +C4<011>;
S_0x55d9b83c6660 .scope generate, "inverter_sim" "inverter_sim" 4 67, 4 67 0, S_0x55d9b83c6380;
 .timescale 0 0;
S_0x55d9b83c6840 .scope generate, "ring_osc_gen[4]" "ring_osc_gen[4]" 4 49, 4 49 0, S_0x55d9b83c5140;
 .timescale 0 0;
P_0x55d9b83c6a90 .param/l "i" 1 4 49, +C4<0100>;
S_0x55d9b83c6b70 .scope generate, "inverter_sim" "inverter_sim" 4 67, 4 67 0, S_0x55d9b83c6840;
 .timescale 0 0;
S_0x55d9b83c7800 .scope generate, "entropy_cell_gen[2]" "entropy_cell_gen[2]" 3 48, 3 48 0, S_0x55d9b83a3860;
 .timescale 0 0;
P_0x55d9b83c7a00 .param/l "c" 1 3 48, +C4<010>;
S_0x55d9b83c7ae0 .scope module, "ring_osc_cell_inst" "ring_osc_cell" 3 52, 4 1 0, S_0x55d9b83c7800;
 .timescale 0 0;
    .port_info 0 /INPUT 1 "clk_i";
    .port_info 1 /INPUT 1 "rstn_i";
    .port_info 2 /INPUT 1 "en_i";
    .port_info 3 /OUTPUT 1 "en_o";
    .port_info 4 /OUTPUT 1 "rnd_o";
P_0x55d9b83a6110 .param/l "NUM_INV" 0 4 2, +C4<00000000000000000000000000000111>;
P_0x55d9b83a6150 .param/l "SIM_MODE" 0 4 3, +C4<00000000000000000000000000000001>;
v0x55d9b83ca040_0 .net *"_ivl_3", 0 0, L_0x55d9b83ccb30;  1 drivers
v0x55d9b83ca140_0 .net *"_ivl_5", 5 0, L_0x55d9b83ccc30;  1 drivers
v0x55d9b83ca220_0 .net "clk_i", 0 0, v0x55d9b83cb7e0_0;  alias, 1 drivers
v0x55d9b83ca310_0 .net "en_i", 0 0, L_0x55d9b83ccf60;  1 drivers
v0x55d9b83ca3b0_0 .net "en_o", 0 0, L_0x55d9b83cca60;  1 drivers
v0x55d9b83ca4c0_0 .net "inv_in", 6 0, L_0x55d9b83ccd50;  1 drivers
v0x55d9b83ca5a0_0 .var "inv_out", 6 0;
v0x55d9b83ca680_0 .var "latch", 6 0;
v0x55d9b83ca760_0 .net "rnd_o", 0 0, L_0x55d9b83ccec0;  1 drivers
v0x55d9b83ca820_0 .net "rstn_i", 0 0, v0x55d9b83cbb60_0;  alias, 1 drivers
v0x55d9b83ca8c0_0 .var "sreg", 6 0;
v0x55d9b83ca9a0_0 .var "sync", 1 0;
L_0x55d9b83cca60 .part v0x55d9b83ca8c0_0, 6, 1;
L_0x55d9b83ccb30 .part v0x55d9b83ca680_0, 0, 1;
L_0x55d9b83ccc30 .part v0x55d9b83ca680_0, 1, 6;
L_0x55d9b83ccd50 .concat [ 6 1 0 0], L_0x55d9b83ccc30, L_0x55d9b83ccb30;
L_0x55d9b83ccec0 .part v0x55d9b83ca9a0_0, 1, 1;
S_0x55d9b83c7e40 .scope generate, "ring_osc_gen[0]" "ring_osc_gen[0]" 4 49, 4 49 0, S_0x55d9b83c7ae0;
 .timescale 0 0;
P_0x55d9b83c8060 .param/l "i" 1 4 49, +C4<00>;
E_0x55d9b83a8500 .event anyedge, v0x55d9b83ca310_0, v0x55d9b83ca8c0_0, v0x55d9b83ca5a0_0;
S_0x55d9b83c8160 .scope generate, "inverter_sim" "inverter_sim" 4 67, 4 67 0, S_0x55d9b83c7e40;
 .timescale 0 0;
S_0x55d9b83c8360 .scope generate, "ring_osc_gen[1]" "ring_osc_gen[1]" 4 49, 4 49 0, S_0x55d9b83c7ae0;
 .timescale 0 0;
P_0x55d9b83c8580 .param/l "i" 1 4 49, +C4<01>;
S_0x55d9b83c8640 .scope generate, "inverter_sim" "inverter_sim" 4 67, 4 67 0, S_0x55d9b83c8360;
 .timescale 0 0;
S_0x55d9b83c8820 .scope generate, "ring_osc_gen[2]" "ring_osc_gen[2]" 4 49, 4 49 0, S_0x55d9b83c7ae0;
 .timescale 0 0;
P_0x55d9b83c8a50 .param/l "i" 1 4 49, +C4<010>;
S_0x55d9b83c8b10 .scope generate, "inverter_sim" "inverter_sim" 4 67, 4 67 0, S_0x55d9b83c8820;
 .timescale 0 0;
S_0x55d9b83c8cf0 .scope generate, "ring_osc_gen[3]" "ring_osc_gen[3]" 4 49, 4 49 0, S_0x55d9b83c7ae0;
 .timescale 0 0;
P_0x55d9b83c8ef0 .param/l "i" 1 4 49, +C4<011>;
S_0x55d9b83c8fd0 .scope generate, "inverter_sim" "inverter_sim" 4 67, 4 67 0, S_0x55d9b83c8cf0;
 .timescale 0 0;
S_0x55d9b83c91b0 .scope generate, "ring_osc_gen[4]" "ring_osc_gen[4]" 4 49, 4 49 0, S_0x55d9b83c7ae0;
 .timescale 0 0;
P_0x55d9b83c9400 .param/l "i" 1 4 49, +C4<0100>;
S_0x55d9b83c94e0 .scope generate, "inverter_sim" "inverter_sim" 4 67, 4 67 0, S_0x55d9b83c91b0;
 .timescale 0 0;
S_0x55d9b83c96c0 .scope generate, "ring_osc_gen[5]" "ring_osc_gen[5]" 4 49, 4 49 0, S_0x55d9b83c7ae0;
 .timescale 0 0;
P_0x55d9b83c98c0 .param/l "i" 1 4 49, +C4<0101>;
S_0x55d9b83c99a0 .scope generate, "inverter_sim" "inverter_sim" 4 67, 4 67 0, S_0x55d9b83c96c0;
 .timescale 0 0;
S_0x55d9b83c9b80 .scope generate, "ring_osc_gen[6]" "ring_osc_gen[6]" 4 49, 4 49 0, S_0x55d9b83c7ae0;
 .timescale 0 0;
P_0x55d9b83c9d80 .param/l "i" 1 4 49, +C4<0110>;
S_0x55d9b83c9e60 .scope generate, "inverter_sim" "inverter_sim" 4 67, 4 67 0, S_0x55d9b83c9b80;
 .timescale 0 0;
    .scope S_0x55d9b83c37e0;
T_0 ;
    %wait E_0x55d9b837a6d0;
    %load/vec4 v0x55d9b8389080_0;
    %nor/r;
    %flag_set/vec4 8;
    %jmp/0xz  T_0.0, 8;
    %pushi/vec4 0, 0, 1;
    %ix/load 4, 0, 0;
    %flag_set/imm 4, 0;
    %store/vec4 v0x55d9b83c49f0_0, 4, 1;
    %jmp T_0.1;
T_0.0 ;
    %load/vec4 v0x55d9b83c4c50_0;
    %parti/s 1, 0, 2;
    %flag_set/vec4 8;
    %jmp/0xz  T_0.2, 8;
    %load/vec4 v0x55d9b83c4910_0;
    %parti/s 1, 0, 2;
    %ix/load 4, 0, 0;
    %flag_set/imm 4, 0;
    %store/vec4 v0x55d9b83c49f0_0, 4, 1;
T_0.2 ;
T_0.1 ;
    %jmp T_0;
    .thread T_0, $push;
    .scope S_0x55d9b83c3b00;
T_1 ;
    %wait E_0x55d9b835a630;
    %load/vec4 v0x55d9b83c4b90_0;
    %nor/r;
    %flag_set/vec4 8;
    %jmp/0xz  T_1.0, 8;
    %pushi/vec4 0, 0, 1;
    %ix/load 5, 0, 0;
    %ix/load 4, 0, 0;
    %flag_set/imm 4, 0;
    %assign/vec4/off/d v0x55d9b83c4910_0, 4, 5;
    %jmp T_1.1;
T_1.0 ;
    %load/vec4 v0x55d9b83c4830_0;
    %parti/s 1, 0, 2;
    %inv;
    %ix/load 5, 0, 0;
    %ix/load 4, 0, 0;
    %flag_set/imm 4, 0;
    %assign/vec4/off/d v0x55d9b83c4910_0, 4, 5;
T_1.1 ;
    %jmp T_1;
    .thread T_1;
    .scope S_0x55d9b83c3d40;
T_2 ;
    %wait E_0x55d9b837a6d0;
    %load/vec4 v0x55d9b8389080_0;
    %nor/r;
    %flag_set/vec4 8;
    %jmp/0xz  T_2.0, 8;
    %pushi/vec4 0, 0, 1;
    %ix/load 4, 1, 0;
    %flag_set/imm 4, 0;
    %store/vec4 v0x55d9b83c49f0_0, 4, 1;
    %jmp T_2.1;
T_2.0 ;
    %load/vec4 v0x55d9b83c4c50_0;
    %parti/s 1, 1, 2;
    %flag_set/vec4 8;
    %jmp/0xz  T_2.2, 8;
    %load/vec4 v0x55d9b83c4910_0;
    %parti/s 1, 1, 2;
    %ix/load 4, 1, 0;
    %flag_set/imm 4, 0;
    %store/vec4 v0x55d9b83c49f0_0, 4, 1;
T_2.2 ;
T_2.1 ;
    %jmp T_2;
    .thread T_2, $push;
    .scope S_0x55d9b83c4020;
T_3 ;
    %wait E_0x55d9b835a630;
    %load/vec4 v0x55d9b83c4b90_0;
    %nor/r;
    %flag_set/vec4 8;
    %jmp/0xz  T_3.0, 8;
    %pushi/vec4 0, 0, 1;
    %ix/load 5, 0, 0;
    %ix/load 4, 1, 0;
    %flag_set/imm 4, 0;
    %assign/vec4/off/d v0x55d9b83c4910_0, 4, 5;
    %jmp T_3.1;
T_3.0 ;
    %load/vec4 v0x55d9b83c4830_0;
    %parti/s 1, 1, 2;
    %inv;
    %ix/load 5, 0, 0;
    %ix/load 4, 1, 0;
    %flag_set/imm 4, 0;
    %assign/vec4/off/d v0x55d9b83c4910_0, 4, 5;
T_3.1 ;
    %jmp T_3;
    .thread T_3;
    .scope S_0x55d9b83c4200;
T_4 ;
    %wait E_0x55d9b837a6d0;
    %load/vec4 v0x55d9b8389080_0;
    %nor/r;
    %flag_set/vec4 8;
    %jmp/0xz  T_4.0, 8;
    %pushi/vec4 0, 0, 1;
    %ix/load 4, 2, 0;
    %flag_set/imm 4, 0;
    %store/vec4 v0x55d9b83c49f0_0, 4, 1;
    %jmp T_4.1;
T_4.0 ;
    %load/vec4 v0x55d9b83c4c50_0;
    %parti/s 1, 2, 3;
    %flag_set/vec4 8;
    %jmp/0xz  T_4.2, 8;
    %load/vec4 v0x55d9b83c4910_0;
    %parti/s 1, 2, 3;
    %ix/load 4, 2, 0;
    %flag_set/imm 4, 0;
    %store/vec4 v0x55d9b83c49f0_0, 4, 1;
T_4.2 ;
T_4.1 ;
    %jmp T_4;
    .thread T_4, $push;
    .scope S_0x55d9b83c44f0;
T_5 ;
    %wait E_0x55d9b835a630;
    %load/vec4 v0x55d9b83c4b90_0;
    %nor/r;
    %flag_set/vec4 8;
    %jmp/0xz  T_5.0, 8;
    %pushi/vec4 0, 0, 1;
    %ix/load 5, 0, 0;
    %ix/load 4, 2, 0;
    %flag_set/imm 4, 0;
    %assign/vec4/off/d v0x55d9b83c4910_0, 4, 5;
    %jmp T_5.1;
T_5.0 ;
    %load/vec4 v0x55d9b83c4830_0;
    %parti/s 1, 2, 3;
    %inv;
    %ix/load 5, 0, 0;
    %ix/load 4, 2, 0;
    %flag_set/imm 4, 0;
    %assign/vec4/off/d v0x55d9b83c4910_0, 4, 5;
T_5.1 ;
    %jmp T_5;
    .thread T_5;
    .scope S_0x55d9b83c3560;
T_6 ;
    %wait E_0x55d9b835a630;
    %load/vec4 v0x55d9b83c4b90_0;
    %nor/r;
    %flag_set/vec4 8;
    %jmp/0xz  T_6.0, 8;
    %pushi/vec4 0, 0, 3;
    %assign/vec4 v0x55d9b83c4c50_0, 0;
    %jmp T_6.1;
T_6.0 ;
    %load/vec4 v0x55d9b83c4c50_0;
    %parti/s 2, 0, 2;
    %load/vec4 v0x55d9b8389080_0;
    %concat/vec4; draw_concat_vec4
    %assign/vec4 v0x55d9b83c4c50_0, 0;
T_6.1 ;
    %jmp T_6;
    .thread T_6;
    .scope S_0x55d9b83c3560;
T_7 ;
    %wait E_0x55d9b835a630;
    %load/vec4 v0x55d9b83c4b90_0;
    %nor/r;
    %flag_set/vec4 8;
    %jmp/0xz  T_7.0, 8;
    %pushi/vec4 0, 0, 2;
    %assign/vec4 v0x55d9b83c4d30_0, 0;
    %jmp T_7.1;
T_7.0 ;
    %load/vec4 v0x55d9b83c4d30_0;
    %parti/s 1, 0, 2;
    %load/vec4 v0x55d9b83c49f0_0;
    %parti/s 1, 2, 3;
    %concat/vec4; draw_concat_vec4
    %assign/vec4 v0x55d9b83c4d30_0, 0;
T_7.1 ;
    %jmp T_7;
    .thread T_7;
    .scope S_0x55d9b83c54d0;
T_8 ;
    %wait E_0x55d9b83a8330;
    %load/vec4 v0x55d9b83c7000_0;
    %nor/r;
    %flag_set/vec4 8;
    %jmp/0xz  T_8.0, 8;
    %pushi/vec4 0, 0, 1;
    %ix/load 4, 0, 0;
    %flag_set/imm 4, 0;
    %store/vec4 v0x55d9b83c7350_0, 4, 1;
    %jmp T_8.1;
T_8.0 ;
    %load/vec4 v0x55d9b83c7590_0;
    %parti/s 1, 0, 2;
    %flag_set/vec4 8;
    %jmp/0xz  T_8.2, 8;
    %load/vec4 v0x55d9b83c7270_0;
    %parti/s 1, 0, 2;
    %ix/load 4, 0, 0;
    %flag_set/imm 4, 0;
    %store/vec4 v0x55d9b83c7350_0, 4, 1;
T_8.2 ;
T_8.1 ;
    %jmp T_8;
    .thread T_8, $push;
    .scope S_0x55d9b83c57f0;
T_9 ;
    %wait E_0x55d9b835a630;
    %load/vec4 v0x55d9b83c74f0_0;
    %nor/r;
    %flag_set/vec4 8;
    %jmp/0xz  T_9.0, 8;
    %pushi/vec4 0, 0, 1;
    %ix/load 5, 0, 0;
    %ix/load 4, 0, 0;
    %flag_set/imm 4, 0;
    %assign/vec4/off/d v0x55d9b83c7270_0, 4, 5;
    %jmp T_9.1;
T_9.0 ;
    %load/vec4 v0x55d9b83c7190_0;
    %parti/s 1, 0, 2;
    %inv;
    %ix/load 5, 0, 0;
    %ix/load 4, 0, 0;
    %flag_set/imm 4, 0;
    %assign/vec4/off/d v0x55d9b83c7270_0, 4, 5;
T_9.1 ;
    %jmp T_9;
    .thread T_9;
    .scope S_0x55d9b83c59f0;
T_10 ;
    %wait E_0x55d9b83a8330;
    %load/vec4 v0x55d9b83c7000_0;
    %nor/r;
    %flag_set/vec4 8;
    %jmp/0xz  T_10.0, 8;
    %pushi/vec4 0, 0, 1;
    %ix/load 4, 1, 0;
    %flag_set/imm 4, 0;
    %store/vec4 v0x55d9b83c7350_0, 4, 1;
    %jmp T_10.1;
T_10.0 ;
    %load/vec4 v0x55d9b83c7590_0;
    %parti/s 1, 1, 2;
    %flag_set/vec4 8;
    %jmp/0xz  T_10.2, 8;
    %load/vec4 v0x55d9b83c7270_0;
    %parti/s 1, 1, 2;
    %ix/load 4, 1, 0;
    %flag_set/imm 4, 0;
    %store/vec4 v0x55d9b83c7350_0, 4, 1;
T_10.2 ;
T_10.1 ;
    %jmp T_10;
    .thread T_10, $push;
    .scope S_0x55d9b83c5cd0;
T_11 ;
    %wait E_0x55d9b835a630;
    %load/vec4 v0x55d9b83c74f0_0;
    %nor/r;
    %flag_set/vec4 8;
    %jmp/0xz  T_11.0, 8;
    %pushi/vec4 0, 0, 1;
    %ix/load 5, 0, 0;
    %ix/load 4, 1, 0;
    %flag_set/imm 4, 0;
    %assign/vec4/off/d v0x55d9b83c7270_0, 4, 5;
    %jmp T_11.1;
T_11.0 ;
    %load/vec4 v0x55d9b83c7190_0;
    %parti/s 1, 1, 2;
    %inv;
    %ix/load 5, 0, 0;
    %ix/load 4, 1, 0;
    %flag_set/imm 4, 0;
    %assign/vec4/off/d v0x55d9b83c7270_0, 4, 5;
T_11.1 ;
    %jmp T_11;
    .thread T_11;
    .scope S_0x55d9b83c5eb0;
T_12 ;
    %wait E_0x55d9b83a8330;
    %load/vec4 v0x55d9b83c7000_0;
    %nor/r;
    %flag_set/vec4 8;
    %jmp/0xz  T_12.0, 8;
    %pushi/vec4 0, 0, 1;
    %ix/load 4, 2, 0;
    %flag_set/imm 4, 0;
    %store/vec4 v0x55d9b83c7350_0, 4, 1;
    %jmp T_12.1;
T_12.0 ;
    %load/vec4 v0x55d9b83c7590_0;
    %parti/s 1, 2, 3;
    %flag_set/vec4 8;
    %jmp/0xz  T_12.2, 8;
    %load/vec4 v0x55d9b83c7270_0;
    %parti/s 1, 2, 3;
    %ix/load 4, 2, 0;
    %flag_set/imm 4, 0;
    %store/vec4 v0x55d9b83c7350_0, 4, 1;
T_12.2 ;
T_12.1 ;
    %jmp T_12;
    .thread T_12, $push;
    .scope S_0x55d9b83c61a0;
T_13 ;
    %wait E_0x55d9b835a630;
    %load/vec4 v0x55d9b83c74f0_0;
    %nor/r;
    %flag_set/vec4 8;
    %jmp/0xz  T_13.0, 8;
    %pushi/vec4 0, 0, 1;
    %ix/load 5, 0, 0;
    %ix/load 4, 2, 0;
    %flag_set/imm 4, 0;
    %assign/vec4/off/d v0x55d9b83c7270_0, 4, 5;
    %jmp T_13.1;
T_13.0 ;
    %load/vec4 v0x55d9b83c7190_0;
    %parti/s 1, 2, 3;
    %inv;
    %ix/load 5, 0, 0;
    %ix/load 4, 2, 0;
    %flag_set/imm 4, 0;
    %assign/vec4/off/d v0x55d9b83c7270_0, 4, 5;
T_13.1 ;
    %jmp T_13;
    .thread T_13;
    .scope S_0x55d9b83c6380;
T_14 ;
    %wait E_0x55d9b83a8330;
    %load/vec4 v0x55d9b83c7000_0;
    %nor/r;
    %flag_set/vec4 8;
    %jmp/0xz  T_14.0, 8;
    %pushi/vec4 0, 0, 1;
    %ix/load 4, 3, 0;
    %flag_set/imm 4, 0;
    %store/vec4 v0x55d9b83c7350_0, 4, 1;
    %jmp T_14.1;
T_14.0 ;
    %load/vec4 v0x55d9b83c7590_0;
    %parti/s 1, 3, 3;
    %flag_set/vec4 8;
    %jmp/0xz  T_14.2, 8;
    %load/vec4 v0x55d9b83c7270_0;
    %parti/s 1, 3, 3;
    %ix/load 4, 3, 0;
    %flag_set/imm 4, 0;
    %store/vec4 v0x55d9b83c7350_0, 4, 1;
T_14.2 ;
T_14.1 ;
    %jmp T_14;
    .thread T_14, $push;
    .scope S_0x55d9b83c6660;
T_15 ;
    %wait E_0x55d9b835a630;
    %load/vec4 v0x55d9b83c74f0_0;
    %nor/r;
    %flag_set/vec4 8;
    %jmp/0xz  T_15.0, 8;
    %pushi/vec4 0, 0, 1;
    %ix/load 5, 0, 0;
    %ix/load 4, 3, 0;
    %flag_set/imm 4, 0;
    %assign/vec4/off/d v0x55d9b83c7270_0, 4, 5;
    %jmp T_15.1;
T_15.0 ;
    %load/vec4 v0x55d9b83c7190_0;
    %parti/s 1, 3, 3;
    %inv;
    %ix/load 5, 0, 0;
    %ix/load 4, 3, 0;
    %flag_set/imm 4, 0;
    %assign/vec4/off/d v0x55d9b83c7270_0, 4, 5;
T_15.1 ;
    %jmp T_15;
    .thread T_15;
    .scope S_0x55d9b83c6840;
T_16 ;
    %wait E_0x55d9b83a8330;
    %load/vec4 v0x55d9b83c7000_0;
    %nor/r;
    %flag_set/vec4 8;
    %jmp/0xz  T_16.0, 8;
    %pushi/vec4 0, 0, 1;
    %ix/load 4, 4, 0;
    %flag_set/imm 4, 0;
    %store/vec4 v0x55d9b83c7350_0, 4, 1;
    %jmp T_16.1;
T_16.0 ;
    %load/vec4 v0x55d9b83c7590_0;
    %parti/s 1, 4, 4;
    %flag_set/vec4 8;
    %jmp/0xz  T_16.2, 8;
    %load/vec4 v0x55d9b83c7270_0;
    %parti/s 1, 4, 4;
    %ix/load 4, 4, 0;
    %flag_set/imm 4, 0;
    %store/vec4 v0x55d9b83c7350_0, 4, 1;
T_16.2 ;
T_16.1 ;
    %jmp T_16;
    .thread T_16, $push;
    .scope S_0x55d9b83c6b70;
T_17 ;
    %wait E_0x55d9b835a630;
    %load/vec4 v0x55d9b83c74f0_0;
    %nor/r;
    %flag_set/vec4 8;
    %jmp/0xz  T_17.0, 8;
    %pushi/vec4 0, 0, 1;
    %ix/load 5, 0, 0;
    %ix/load 4, 4, 0;
    %flag_set/imm 4, 0;
    %assign/vec4/off/d v0x55d9b83c7270_0, 4, 5;
    %jmp T_17.1;
T_17.0 ;
    %load/vec4 v0x55d9b83c7190_0;
    %parti/s 1, 4, 4;
    %inv;
    %ix/load 5, 0, 0;
    %ix/load 4, 4, 0;
    %flag_set/imm 4, 0;
    %assign/vec4/off/d v0x55d9b83c7270_0, 4, 5;
T_17.1 ;
    %jmp T_17;
    .thread T_17;
    .scope S_0x55d9b83c5140;
T_18 ;
    %wait E_0x55d9b835a630;
    %load/vec4 v0x55d9b83c74f0_0;
    %nor/r;
    %flag_set/vec4 8;
    %jmp/0xz  T_18.0, 8;
    %pushi/vec4 0, 0, 5;
    %assign/vec4 v0x55d9b83c7590_0, 0;
    %jmp T_18.1;
T_18.0 ;
    %load/vec4 v0x55d9b83c7590_0;
    %parti/s 4, 0, 2;
    %load/vec4 v0x55d9b83c7000_0;
    %concat/vec4; draw_concat_vec4
    %assign/vec4 v0x55d9b83c7590_0, 0;
T_18.1 ;
    %jmp T_18;
    .thread T_18;
    .scope S_0x55d9b83c5140;
T_19 ;
    %wait E_0x55d9b835a630;
    %load/vec4 v0x55d9b83c74f0_0;
    %nor/r;
    %flag_set/vec4 8;
    %jmp/0xz  T_19.0, 8;
    %pushi/vec4 0, 0, 2;
    %assign/vec4 v0x55d9b83c7650_0, 0;
    %jmp T_19.1;
T_19.0 ;
    %load/vec4 v0x55d9b83c7650_0;
    %parti/s 1, 0, 2;
    %load/vec4 v0x55d9b83c7350_0;
    %parti/s 1, 4, 4;
    %concat/vec4; draw_concat_vec4
    %assign/vec4 v0x55d9b83c7650_0, 0;
T_19.1 ;
    %jmp T_19;
    .thread T_19;
    .scope S_0x55d9b83c7e40;
T_20 ;
    %wait E_0x55d9b83a8500;
    %load/vec4 v0x55d9b83ca310_0;
    %nor/r;
    %flag_set/vec4 8;
    %jmp/0xz  T_20.0, 8;
    %pushi/vec4 0, 0, 1;
    %ix/load 4, 0, 0;
    %flag_set/imm 4, 0;
    %store/vec4 v0x55d9b83ca680_0, 4, 1;
    %jmp T_20.1;
T_20.0 ;
    %load/vec4 v0x55d9b83ca8c0_0;
    %parti/s 1, 0, 2;
    %flag_set/vec4 8;
    %jmp/0xz  T_20.2, 8;
    %load/vec4 v0x55d9b83ca5a0_0;
    %parti/s 1, 0, 2;
    %ix/load 4, 0, 0;
    %flag_set/imm 4, 0;
    %store/vec4 v0x55d9b83ca680_0, 4, 1;
T_20.2 ;
T_20.1 ;
    %jmp T_20;
    .thread T_20, $push;
    .scope S_0x55d9b83c8160;
T_21 ;
    %wait E_0x55d9b835a630;
    %load/vec4 v0x55d9b83ca820_0;
    %nor/r;
    %flag_set/vec4 8;
    %jmp/0xz  T_21.0, 8;
    %pushi/vec4 0, 0, 1;
    %ix/load 5, 0, 0;
    %ix/load 4, 0, 0;
    %flag_set/imm 4, 0;
    %assign/vec4/off/d v0x55d9b83ca5a0_0, 4, 5;
    %jmp T_21.1;
T_21.0 ;
    %load/vec4 v0x55d9b83ca4c0_0;
    %parti/s 1, 0, 2;
    %inv;
    %ix/load 5, 0, 0;
    %ix/load 4, 0, 0;
    %flag_set/imm 4, 0;
    %assign/vec4/off/d v0x55d9b83ca5a0_0, 4, 5;
T_21.1 ;
    %jmp T_21;
    .thread T_21;
    .scope S_0x55d9b83c8360;
T_22 ;
    %wait E_0x55d9b83a8500;
    %load/vec4 v0x55d9b83ca310_0;
    %nor/r;
    %flag_set/vec4 8;
    %jmp/0xz  T_22.0, 8;
    %pushi/vec4 0, 0, 1;
    %ix/load 4, 1, 0;
    %flag_set/imm 4, 0;
    %store/vec4 v0x55d9b83ca680_0, 4, 1;
    %jmp T_22.1;
T_22.0 ;
    %load/vec4 v0x55d9b83ca8c0_0;
    %parti/s 1, 1, 2;
    %flag_set/vec4 8;
    %jmp/0xz  T_22.2, 8;
    %load/vec4 v0x55d9b83ca5a0_0;
    %parti/s 1, 1, 2;
    %ix/load 4, 1, 0;
    %flag_set/imm 4, 0;
    %store/vec4 v0x55d9b83ca680_0, 4, 1;
T_22.2 ;
T_22.1 ;
    %jmp T_22;
    .thread T_22, $push;
    .scope S_0x55d9b83c8640;
T_23 ;
    %wait E_0x55d9b835a630;
    %load/vec4 v0x55d9b83ca820_0;
    %nor/r;
    %flag_set/vec4 8;
    %jmp/0xz  T_23.0, 8;
    %pushi/vec4 0, 0, 1;
    %ix/load 5, 0, 0;
    %ix/load 4, 1, 0;
    %flag_set/imm 4, 0;
    %assign/vec4/off/d v0x55d9b83ca5a0_0, 4, 5;
    %jmp T_23.1;
T_23.0 ;
    %load/vec4 v0x55d9b83ca4c0_0;
    %parti/s 1, 1, 2;
    %inv;
    %ix/load 5, 0, 0;
    %ix/load 4, 1, 0;
    %flag_set/imm 4, 0;
    %assign/vec4/off/d v0x55d9b83ca5a0_0, 4, 5;
T_23.1 ;
    %jmp T_23;
    .thread T_23;
    .scope S_0x55d9b83c8820;
T_24 ;
    %wait E_0x55d9b83a8500;
    %load/vec4 v0x55d9b83ca310_0;
    %nor/r;
    %flag_set/vec4 8;
    %jmp/0xz  T_24.0, 8;
    %pushi/vec4 0, 0, 1;
    %ix/load 4, 2, 0;
    %flag_set/imm 4, 0;
    %store/vec4 v0x55d9b83ca680_0, 4, 1;
    %jmp T_24.1;
T_24.0 ;
    %load/vec4 v0x55d9b83ca8c0_0;
    %parti/s 1, 2, 3;
    %flag_set/vec4 8;
    %jmp/0xz  T_24.2, 8;
    %load/vec4 v0x55d9b83ca5a0_0;
    %parti/s 1, 2, 3;
    %ix/load 4, 2, 0;
    %flag_set/imm 4, 0;
    %store/vec4 v0x55d9b83ca680_0, 4, 1;
T_24.2 ;
T_24.1 ;
    %jmp T_24;
    .thread T_24, $push;
    .scope S_0x55d9b83c8b10;
T_25 ;
    %wait E_0x55d9b835a630;
    %load/vec4 v0x55d9b83ca820_0;
    %nor/r;
    %flag_set/vec4 8;
    %jmp/0xz  T_25.0, 8;
    %pushi/vec4 0, 0, 1;
    %ix/load 5, 0, 0;
    %ix/load 4, 2, 0;
    %flag_set/imm 4, 0;
    %assign/vec4/off/d v0x55d9b83ca5a0_0, 4, 5;
    %jmp T_25.1;
T_25.0 ;
    %load/vec4 v0x55d9b83ca4c0_0;
    %parti/s 1, 2, 3;
    %inv;
    %ix/load 5, 0, 0;
    %ix/load 4, 2, 0;
    %flag_set/imm 4, 0;
    %assign/vec4/off/d v0x55d9b83ca5a0_0, 4, 5;
T_25.1 ;
    %jmp T_25;
    .thread T_25;
    .scope S_0x55d9b83c8cf0;
T_26 ;
    %wait E_0x55d9b83a8500;
    %load/vec4 v0x55d9b83ca310_0;
    %nor/r;
    %flag_set/vec4 8;
    %jmp/0xz  T_26.0, 8;
    %pushi/vec4 0, 0, 1;
    %ix/load 4, 3, 0;
    %flag_set/imm 4, 0;
    %store/vec4 v0x55d9b83ca680_0, 4, 1;
    %jmp T_26.1;
T_26.0 ;
    %load/vec4 v0x55d9b83ca8c0_0;
    %parti/s 1, 3, 3;
    %flag_set/vec4 8;
    %jmp/0xz  T_26.2, 8;
    %load/vec4 v0x55d9b83ca5a0_0;
    %parti/s 1, 3, 3;
    %ix/load 4, 3, 0;
    %flag_set/imm 4, 0;
    %store/vec4 v0x55d9b83ca680_0, 4, 1;
T_26.2 ;
T_26.1 ;
    %jmp T_26;
    .thread T_26, $push;
    .scope S_0x55d9b83c8fd0;
T_27 ;
    %wait E_0x55d9b835a630;
    %load/vec4 v0x55d9b83ca820_0;
    %nor/r;
    %flag_set/vec4 8;
    %jmp/0xz  T_27.0, 8;
    %pushi/vec4 0, 0, 1;
    %ix/load 5, 0, 0;
    %ix/load 4, 3, 0;
    %flag_set/imm 4, 0;
    %assign/vec4/off/d v0x55d9b83ca5a0_0, 4, 5;
    %jmp T_27.1;
T_27.0 ;
    %load/vec4 v0x55d9b83ca4c0_0;
    %parti/s 1, 3, 3;
    %inv;
    %ix/load 5, 0, 0;
    %ix/load 4, 3, 0;
    %flag_set/imm 4, 0;
    %assign/vec4/off/d v0x55d9b83ca5a0_0, 4, 5;
T_27.1 ;
    %jmp T_27;
    .thread T_27;
    .scope S_0x55d9b83c91b0;
T_28 ;
    %wait E_0x55d9b83a8500;
    %load/vec4 v0x55d9b83ca310_0;
    %nor/r;
    %flag_set/vec4 8;
    %jmp/0xz  T_28.0, 8;
    %pushi/vec4 0, 0, 1;
    %ix/load 4, 4, 0;
    %flag_set/imm 4, 0;
    %store/vec4 v0x55d9b83ca680_0, 4, 1;
    %jmp T_28.1;
T_28.0 ;
    %load/vec4 v0x55d9b83ca8c0_0;
    %parti/s 1, 4, 4;
    %flag_set/vec4 8;
    %jmp/0xz  T_28.2, 8;
    %load/vec4 v0x55d9b83ca5a0_0;
    %parti/s 1, 4, 4;
    %ix/load 4, 4, 0;
    %flag_set/imm 4, 0;
    %store/vec4 v0x55d9b83ca680_0, 4, 1;
T_28.2 ;
T_28.1 ;
    %jmp T_28;
    .thread T_28, $push;
    .scope S_0x55d9b83c94e0;
T_29 ;
    %wait E_0x55d9b835a630;
    %load/vec4 v0x55d9b83ca820_0;
    %nor/r;
    %flag_set/vec4 8;
    %jmp/0xz  T_29.0, 8;
    %pushi/vec4 0, 0, 1;
    %ix/load 5, 0, 0;
    %ix/load 4, 4, 0;
    %flag_set/imm 4, 0;
    %assign/vec4/off/d v0x55d9b83ca5a0_0, 4, 5;
    %jmp T_29.1;
T_29.0 ;
    %load/vec4 v0x55d9b83ca4c0_0;
    %parti/s 1, 4, 4;
    %inv;
    %ix/load 5, 0, 0;
    %ix/load 4, 4, 0;
    %flag_set/imm 4, 0;
    %assign/vec4/off/d v0x55d9b83ca5a0_0, 4, 5;
T_29.1 ;
    %jmp T_29;
    .thread T_29;
    .scope S_0x55d9b83c96c0;
T_30 ;
    %wait E_0x55d9b83a8500;
    %load/vec4 v0x55d9b83ca310_0;
    %nor/r;
    %flag_set/vec4 8;
    %jmp/0xz  T_30.0, 8;
    %pushi/vec4 0, 0, 1;
    %ix/load 4, 5, 0;
    %flag_set/imm 4, 0;
    %store/vec4 v0x55d9b83ca680_0, 4, 1;
    %jmp T_30.1;
T_30.0 ;
    %load/vec4 v0x55d9b83ca8c0_0;
    %parti/s 1, 5, 4;
    %flag_set/vec4 8;
    %jmp/0xz  T_30.2, 8;
    %load/vec4 v0x55d9b83ca5a0_0;
    %parti/s 1, 5, 4;
    %ix/load 4, 5, 0;
    %flag_set/imm 4, 0;
    %store/vec4 v0x55d9b83ca680_0, 4, 1;
T_30.2 ;
T_30.1 ;
    %jmp T_30;
    .thread T_30, $push;
    .scope S_0x55d9b83c99a0;
T_31 ;
    %wait E_0x55d9b835a630;
    %load/vec4 v0x55d9b83ca820_0;
    %nor/r;
    %flag_set/vec4 8;
    %jmp/0xz  T_31.0, 8;
    %pushi/vec4 0, 0, 1;
    %ix/load 5, 0, 0;
    %ix/load 4, 5, 0;
    %flag_set/imm 4, 0;
    %assign/vec4/off/d v0x55d9b83ca5a0_0, 4, 5;
    %jmp T_31.1;
T_31.0 ;
    %load/vec4 v0x55d9b83ca4c0_0;
    %parti/s 1, 5, 4;
    %inv;
    %ix/load 5, 0, 0;
    %ix/load 4, 5, 0;
    %flag_set/imm 4, 0;
    %assign/vec4/off/d v0x55d9b83ca5a0_0, 4, 5;
T_31.1 ;
    %jmp T_31;
    .thread T_31;
    .scope S_0x55d9b83c9b80;
T_32 ;
    %wait E_0x55d9b83a8500;
    %load/vec4 v0x55d9b83ca310_0;
    %nor/r;
    %flag_set/vec4 8;
    %jmp/0xz  T_32.0, 8;
    %pushi/vec4 0, 0, 1;
    %ix/load 4, 6, 0;
    %flag_set/imm 4, 0;
    %store/vec4 v0x55d9b83ca680_0, 4, 1;
    %jmp T_32.1;
T_32.0 ;
    %load/vec4 v0x55d9b83ca8c0_0;
    %parti/s 1, 6, 4;
    %flag_set/vec4 8;
    %jmp/0xz  T_32.2, 8;
    %load/vec4 v0x55d9b83ca5a0_0;
    %parti/s 1, 6, 4;
    %ix/load 4, 6, 0;
    %flag_set/imm 4, 0;
    %store/vec4 v0x55d9b83ca680_0, 4, 1;
T_32.2 ;
T_32.1 ;
    %jmp T_32;
    .thread T_32, $push;
    .scope S_0x55d9b83c9e60;
T_33 ;
    %wait E_0x55d9b835a630;
    %load/vec4 v0x55d9b83ca820_0;
    %nor/r;
    %flag_set/vec4 8;
    %jmp/0xz  T_33.0, 8;
    %pushi/vec4 0, 0, 1;
    %ix/load 5, 0, 0;
    %ix/load 4, 6, 0;
    %flag_set/imm 4, 0;
    %assign/vec4/off/d v0x55d9b83ca5a0_0, 4, 5;
    %jmp T_33.1;
T_33.0 ;
    %load/vec4 v0x55d9b83ca4c0_0;
    %parti/s 1, 6, 4;
    %inv;
    %ix/load 5, 0, 0;
    %ix/load 4, 6, 0;
    %flag_set/imm 4, 0;
    %assign/vec4/off/d v0x55d9b83ca5a0_0, 4, 5;
T_33.1 ;
    %jmp T_33;
    .thread T_33;
    .scope S_0x55d9b83c7ae0;
T_34 ;
    %wait E_0x55d9b835a630;
    %load/vec4 v0x55d9b83ca820_0;
    %nor/r;
    %flag_set/vec4 8;
    %jmp/0xz  T_34.0, 8;
    %pushi/vec4 0, 0, 7;
    %assign/vec4 v0x55d9b83ca8c0_0, 0;
    %jmp T_34.1;
T_34.0 ;
    %load/vec4 v0x55d9b83ca8c0_0;
    %parti/s 6, 0, 2;
    %load/vec4 v0x55d9b83ca310_0;
    %concat/vec4; draw_concat_vec4
    %assign/vec4 v0x55d9b83ca8c0_0, 0;
T_34.1 ;
    %jmp T_34;
    .thread T_34;
    .scope S_0x55d9b83c7ae0;
T_35 ;
    %wait E_0x55d9b835a630;
    %load/vec4 v0x55d9b83ca820_0;
    %nor/r;
    %flag_set/vec4 8;
    %jmp/0xz  T_35.0, 8;
    %pushi/vec4 0, 0, 2;
    %assign/vec4 v0x55d9b83ca9a0_0, 0;
    %jmp T_35.1;
T_35.0 ;
    %load/vec4 v0x55d9b83ca9a0_0;
    %parti/s 1, 0, 2;
    %load/vec4 v0x55d9b83ca680_0;
    %parti/s 1, 6, 4;
    %concat/vec4; draw_concat_vec4
    %assign/vec4 v0x55d9b83ca9a0_0, 0;
T_35.1 ;
    %jmp T_35;
    .thread T_35;
    .scope S_0x55d9b83a3860;
T_36 ;
    %wait E_0x55d9b83783d0;
    %pushi/vec4 0, 0, 1;
    %store/vec4 v0x55d9b83caea0_0, 0, 1;
    %pushi/vec4 0, 0, 32;
    %store/vec4 v0x55d9b83cb1f0_0, 0, 32;
T_36.0 ; Top of for-loop
    %load/vec4 v0x55d9b83cb1f0_0;
    %cmpi/s 3, 0, 32;
	  %jmp/0xz T_36.1, 5;
    %load/vec4 v0x55d9b83caea0_0;
    %load/vec4 v0x55d9b83cadc0_0;
    %load/vec4 v0x55d9b83cb1f0_0;
    %part/s 1;
    %xor;
    %store/vec4 v0x55d9b83caea0_0, 0, 1;
T_36.2 ; for-loop step statement
    %load/vec4 v0x55d9b83cb1f0_0;
    %addi 1, 0, 32;
    %store/vec4 v0x55d9b83cb1f0_0, 0, 32;
    %jmp T_36.0;
T_36.1 ; for-loop exit label
    %jmp T_36;
    .thread T_36, $push;
    .scope S_0x55d9b83a3860;
T_37 ;
    %wait E_0x55d9b835a630;
    %load/vec4 v0x55d9b83cb360_0;
    %nor/r;
    %flag_set/vec4 8;
    %jmp/0xz  T_37.0, 8;
    %pushi/vec4 0, 0, 1;
    %assign/vec4 v0x55d9b83cb4e0_0, 0;
    %pushi/vec4 0, 0, 10;
    %assign/vec4 v0x55d9b83cb400_0, 0;
    %pushi/vec4 0, 0, 512;
    %assign/vec4 v0x55d9b83cb5a0_0, 0;
    %jmp T_37.1;
T_37.0 ;
    %load/vec4 v0x55d9b83cb130_0;
    %assign/vec4 v0x55d9b83cb4e0_0, 0;
    %load/vec4 v0x55d9b83cb4e0_0;
    %nor/r;
    %flag_set/vec4 8;
    %jmp/1 T_37.4, 8;
    %load/vec4 v0x55d9b83cb400_0;
    %parti/s 1, 9, 5;
    %flag_set/vec4 9;
    %flag_or 8, 9;
T_37.4;
    %jmp/0xz  T_37.2, 8;
    %pushi/vec4 0, 0, 10;
    %assign/vec4 v0x55d9b83cb400_0, 0;
    %pushi/vec4 0, 0, 512;
    %assign/vec4 v0x55d9b83cb5a0_0, 0;
    %jmp T_37.3;
T_37.2 ;
    %load/vec4 v0x55d9b83cb400_0;
    %addi 1, 0, 10;
    %assign/vec4 v0x55d9b83cb400_0, 0;
    %load/vec4 v0x55d9b83caea0_0;
    %load/vec4 v0x55d9b83cb5a0_0;
    %parti/s 511, 1, 2;
    %concat/vec4; draw_concat_vec4
    %assign/vec4 v0x55d9b83cb5a0_0, 0;
T_37.3 ;
T_37.1 ;
    %jmp T_37;
    .thread T_37;
    .scope S_0x55d9b83a2980;
T_38 ;
    %pushi/vec4 0, 0, 1;
    %store/vec4 v0x55d9b83cb7e0_0, 0, 1;
    %pushi/vec4 0, 0, 1;
    %store/vec4 v0x55d9b83cbb60_0, 0, 1;
    %pushi/vec4 0, 0, 1;
    %store/vec4 v0x55d9b83cb930_0, 0, 1;
    %end;
    .thread T_38;
    .scope S_0x55d9b83a2980;
T_39 ;
    %delay 10000, 0;
    %load/vec4 v0x55d9b83cb7e0_0;
    %inv;
    %store/vec4 v0x55d9b83cb7e0_0, 0, 1;
    %jmp T_39;
    .thread T_39;
    .scope S_0x55d9b83a2980;
T_40 ;
    %vpi_call 2 37 "$dumpfile", "trng_waves.vcd" {0 0 0};
    %vpi_call 2 38 "$dumpvars", 32'sb00000000000000000000000000000000, S_0x55d9b83a2980 {0 0 0};
    %delay 25000, 0;
    %pushi/vec4 1, 0, 1;
    %store/vec4 v0x55d9b83cbb60_0, 0, 1;
    %delay 75000, 0;
    %pushi/vec4 1, 0, 1;
    %store/vec4 v0x55d9b83cb930_0, 0, 1;
    %delay 200000000, 0;
    %vpi_call 2 50 "$display", "Simulation complete." {0 0 0};
    %vpi_call 2 51 "$finish" {0 0 0};
    %end;
    .thread T_40;
    .scope S_0x55d9b83a2980;
T_41 ;
    %wait E_0x55d9b837a190;
    %load/vec4 v0x55d9b83cba90_0;
    %cmpi/e 1, 0, 1;
    %jmp/0xz  T_41.0, 4;
    %vpi_call 2 76 "$display", "%d", v0x55d9b83cb9f0_0 {0 0 0};
T_41.0 ;
    %jmp T_41;
    .thread T_41;
# The file index is used to find the file name in the following table.
:file_names 5;
    "N/A";
    "<interactive>";
    "ring_oscillator_tb.sv";
    "ring_osc_accumulator.sv";
    "ring_oscillator.sv";
